\BOOKMARK [0][-]{chapter.1}{\376\377\000E\000i\000n\000l\000e\000i\000t\000u\000n\000g}{}% 1
\BOOKMARK [1][-]{section.1.1}{\376\377\000S\000t\000a\000n\000d\000\040\000d\000e\000r\000\040\000F\000o\000r\000s\000c\000h\000u\000n\000g}{chapter.1}% 2
\BOOKMARK [1][-]{section.1.2}{\376\377\000M\000o\000t\000i\000v\000a\000t\000i\000o\000n}{chapter.1}% 3
\BOOKMARK [1][-]{section.1.3}{\376\377\000A\000n\000s\000a\000t\000z}{chapter.1}% 4
\BOOKMARK [1][-]{section.1.4}{\376\377\000F\000a\000l\000l\000b\000a\000c\000k}{chapter.1}% 5
\BOOKMARK [0][-]{chapter.2}{\376\377\000B\000i\000b\000l\000i\000o\000t\000h\000e\000k\000e\000n\000\040\000u\000n\000d\000\040\000F\000r\000a\000m\000e\000w\000o\000r\000k\000s}{}% 6
\BOOKMARK [1][-]{section.2.1}{\376\377\000R\000O\000S\000\040\000F\000r\000a\000m\000e\000w\000o\000r\000k}{chapter.2}% 7
\BOOKMARK [2][-]{subsection.2.1.1}{\376\377\000R\000V\000i\000z}{section.2.1}% 8
\BOOKMARK [2][-]{subsection.2.1.2}{\376\377\000B\000o\000n\000d\000c\000p\000p}{section.2.1}% 9
\BOOKMARK [1][-]{section.2.2}{\376\377\000E\000i\000g\000e\000n}{chapter.2}% 10
\BOOKMARK [1][-]{section.2.3}{\376\377\000H\000D\000F\0005}{chapter.2}% 11
\BOOKMARK [1][-]{section.2.4}{\376\377\000P\000o\000i\000n\000t\000c\000l\000o\000u\000d\000\040\000L\000i\000b\000r\000a\000r\000y}{chapter.2}% 12
\BOOKMARK [1][-]{section.2.5}{\376\377\000L\000V\000R\0002\000\040\000F\000r\000a\000m\000e\000w\000o\000r\000k\000\040\000z\000u\000r\000\040\000O\000b\000e\000r\000f\000l\000\344\000c\000h\000e\000n\000r\000e\000k\000o\000n\000s\000t\000r\000u\000k\000t\000i\000o\000n}{chapter.2}% 13
\BOOKMARK [0][-]{chapter.3}{\376\377\000G\000r\000u\000n\000d\000l\000a\000g\000e\000n}{}% 14
\BOOKMARK [1][-]{section.3.1}{\376\377\000M\000a\000t\000h\000e\000m\000a\000t\000i\000s\000c\000h\000e\000\040\000G\000r\000u\000n\000d\000l\000a\000g\000e\000n}{chapter.3}% 15
\BOOKMARK [2][-]{subsection.3.1.1}{\376\377\000K\000o\000n\000v\000e\000n\000t\000i\000o\000n\000e\000n}{section.3.1}% 16
\BOOKMARK [2][-]{subsection.3.1.2}{\376\377\000K\000o\000o\000r\000d\000i\000n\000a\000t\000e\000n\000s\000y\000s\000t\000e\000m\000e}{section.3.1}% 17
\BOOKMARK [1][-]{section.3.2}{\376\377\000T\000S\000D\000F}{chapter.3}% 18
\BOOKMARK [1][-]{section.3.3}{\376\377\000S\000L\000A\000M}{chapter.3}% 19
\BOOKMARK [1][-]{section.3.4}{\376\377\000L\000o\000o\000p\000\040\000C\000l\000o\000s\000u\000r\000e}{chapter.3}% 20
\BOOKMARK [0][-]{chapter.4}{\376\377\000L\000o\000o\000p\000\040\000C\000l\000o\000s\000u\000r\000e}{}% 21
\BOOKMARK [1][-]{section.4.1}{\376\377\000D\000e\000t\000e\000k\000t\000i\000o\000n}{chapter.4}% 22
\BOOKMARK [1][-]{section.4.2}{\376\377\000G\000r\000a\000p\000h\000e\000n\000o\000p\000t\000i\000m\000i\000e\000r\000u\000n\000g}{chapter.4}% 23
\BOOKMARK [1][-]{section.4.3}{\376\377\000O\000p\000t\000i\000m\000i\000e\000r\000u\000n\000g\000e\000n}{chapter.4}% 24
\BOOKMARK [1][-]{section.4.4}{\376\377\000D\000a\000t\000e\000n\000s\000\344\000t\000z\000e}{chapter.4}% 25
\BOOKMARK [2][-]{subsection.4.4.1}{\376\377\000H\000a\000n\000n\000o\000v\000e\000r\0001}{section.4.4}% 26
\BOOKMARK [2][-]{subsection.4.4.2}{\376\377\000M\000a\000p\000s}{section.4.4}% 27
\BOOKMARK [0][-]{chapter.5}{\376\377\000M\000a\000p\000\040\000U\000p\000d\000a\000t\000e}{}% 28
\BOOKMARK [0][-]{chapter.6}{\376\377\000A\000u\000s\000b\000l\000i\000c\000k}{}% 29
